\BOOKMARK [0][-]{chapter.1}{Introduction}{}% 1
\BOOKMARK [0][-]{chapter.2}{The Business Survey Indicator}{}% 2
\BOOKMARK [1][-]{section.2.1}{History}{chapter.2}% 3
\BOOKMARK [1][-]{section.2.2}{Sampling Method}{chapter.2}% 4
\BOOKMARK [1][-]{section.2.3}{Objective and Methodology}{chapter.2}% 5
\BOOKMARK [1][-]{section.2.4}{Questionnaire}{chapter.2}% 6
\BOOKMARK [1][-]{section.2.5}{Calculation of the Indicator}{chapter.2}% 7
\BOOKMARK [2][-]{subsection.2.5.1}{Unweighted Indicator}{section.2.5}% 8
\BOOKMARK [2][-]{subsection.2.5.2}{Weighted Indicator}{section.2.5}% 9
\BOOKMARK [2][-]{subsection.2.5.3}{Properties}{section.2.5}% 10
\BOOKMARK [2][-]{subsection.2.5.4}{Take different questions into account}{section.2.5}% 11
\BOOKMARK [0][-]{chapter.3}{Variance of the Indicator}{}% 12
\BOOKMARK [1][-]{subsection.3.0.1}{Variance of the Unweighted Indicator}{chapter.3}% 13
\BOOKMARK [2][-]{subsection.3.0.2}{Generalization for Weighted Indicators / Variance of the Weighted Indicator}{subsection.3.0.1}% 14
\BOOKMARK [2][-]{subsection.3.0.3}{Properties}{subsection.3.0.1}% 15
\BOOKMARK [1][-]{section.3.1}{Take different questions into account}{chapter.3}% 16
\BOOKMARK [1][-]{section.3.2}{Discussion regarding the 'true variance'}{chapter.3}% 17
\BOOKMARK [0][-]{chapter.4}{Indicator of the Evolution of Individual Responses}{}% 18
\BOOKMARK [0][-]{chapter.5}{Variance of the Evolution of Individual Responses / Volatility of Responses}{}% 19
\BOOKMARK [1][-]{section.5.1}{Presentation}{chapter.5}% 20
\BOOKMARK [2][-]{subsection.5.1.1}{Properties}{section.5.1}% 21
\BOOKMARK [0][-]{chapter.6}{Seasonal Effects}{}% 22
\BOOKMARK [1][-]{section.6.1}{JDemetra+}{chapter.6}% 23
\BOOKMARK [1][-]{section.6.2}{X11}{chapter.6}% 24
\BOOKMARK [2][-]{subsection.6.2.1}{Seasonal correction of the Indicator}{section.6.2}% 25
\BOOKMARK [2][-]{subsection.6.2.2}{Seasonal correction of the Variance}{section.6.2}% 26
\BOOKMARK [2][-]{subsection.6.2.3}{Seasonal correction of the Indicator of the Evolution}{section.6.2}% 27
\BOOKMARK [2][-]{subsection.6.2.4}{Seasonal correction of the Variance of Z}{section.6.2}% 28
\BOOKMARK [2][-]{subsection.6.2.5}{Seasonal correction of the Proportions}{section.6.2}% 29
\BOOKMARK [1][-]{section.6.3}{Limitations}{chapter.6}% 30
\BOOKMARK [0][-]{chapter.7}{Non-Response, Dropout and Attrition}{}% 31
\BOOKMARK [1][-]{section.7.1}{Non-Response}{chapter.7}% 32
\BOOKMARK [1][-]{section.7.2}{Dropout}{chapter.7}% 33
\BOOKMARK [1][-]{section.7.3}{Attrition}{chapter.7}% 34
\BOOKMARK [0][-]{chapter.8}{Exploratory Analysis}{}% 35
\BOOKMARK [1][-]{section.8.1}{Data At hand}{chapter.8}% 36
\BOOKMARK [1][-]{section.8.2}{Small vs Large}{chapter.8}% 37
\BOOKMARK [1][-]{section.8.3}{By Sector}{chapter.8}% 38
\BOOKMARK [1][-]{section.8.4}{Correlations}{chapter.8}% 39
\BOOKMARK [1][-]{section.8.5}{Correlation between questions}{chapter.8}% 40
\BOOKMARK [1][-]{section.8.6}{Auto-Correlation}{chapter.8}% 41
\BOOKMARK [1][-]{section.8.7}{Correlation with GDP}{chapter.8}% 42
\BOOKMARK [1][-]{section.8.8}{GDP vs Explanatory Indicators}{chapter.8}% 43
\BOOKMARK [1][-]{section.8.9}{Specificity of question 3 and 4, are peoples predictions correct ?}{chapter.8}% 44
\BOOKMARK [0][-]{chapter.9}{Linear \(Auto-Regressive\) Models}{}% 45
\BOOKMARK [1][-]{section.9.1}{Method}{chapter.9}% 46
\BOOKMARK [2][-]{subsection.9.1.1}{Month vs Quarterly data}{section.9.1}% 47
\BOOKMARK [2][-]{subsection.9.1.2}{Timing of the Data}{section.9.1}% 48
\BOOKMARK [1][-]{section.9.2}{Linear Model}{chapter.9}% 49
\BOOKMARK [1][-]{section.9.3}{Model}{chapter.9}% 50
\BOOKMARK [1][-]{section.9.4}{Evaluation}{chapter.9}% 51
\BOOKMARK [2][-]{subsection.9.4.1}{R-square}{section.9.4}% 52
\BOOKMARK [2][-]{subsection.9.4.2}{AIC and BIC}{section.9.4}% 53
\BOOKMARK [2][-]{subsection.9.4.3}{Mean Square Prediction Error}{section.9.4}% 54
\BOOKMARK [2][-]{subsection.9.4.4}{Diebold-Mariano Test}{section.9.4}% 55
\BOOKMARK [2][-]{subsection.9.4.5}{Out-of-Sample performances}{section.9.4}% 56
\BOOKMARK [1][-]{section.9.5}{log\(GDP\)}{chapter.9}% 57
\BOOKMARK [1][-]{section.9.6}{Variance\(X\) VS Variance\(Z\)}{chapter.9}% 58
\BOOKMARK [1][-]{section.9.7}{Take Question 1 out of the calculation of the Indicator}{chapter.9}% 59
\BOOKMARK [0][-]{chapter.10}{Markov Switching Models}{}% 60
\BOOKMARK [1][-]{section.10.1}{Model\(s\) Specification}{chapter.10}% 61
\BOOKMARK [2][-]{subsection.10.1.1}{Notation}{section.10.1}% 62
\BOOKMARK [2][-]{subsection.10.1.2}{Model}{section.10.1}% 63
\BOOKMARK [0][-]{chapter.11}{Conclusion}{}% 64
\BOOKMARK [0][-]{chapter.12}{Discussion}{}% 65
