\BOOKMARK [0][-]{chapter.1}{Introduction}{}% 1
\BOOKMARK [0][-]{chapter.2}{The Business Survey Indicator}{}% 2
\BOOKMARK [1][-]{section.2.1}{History}{chapter.2}% 3
\BOOKMARK [1][-]{section.2.2}{Objectives of the Business Survey}{chapter.2}% 4
\BOOKMARK [2][-]{subsection.2.2.1}{National and Sector-Specific Short-Term Information}{section.2.2}% 5
\BOOKMARK [2][-]{subsection.2.2.2}{Nowcasting}{section.2.2}% 6
\BOOKMARK [2][-]{subsection.2.2.3}{Business Cycles}{section.2.2}% 7
\BOOKMARK [1][-]{section.2.3}{Methodology of the Business Survey}{chapter.2}% 8
\BOOKMARK [2][-]{subsection.2.3.1}{Sampling Method}{section.2.3}% 9
\BOOKMARK [2][-]{subsection.2.3.2}{Questionnaire}{section.2.3}% 10
\BOOKMARK [2][-]{subsection.2.3.3}{Weighting Procedure}{section.2.3}% 11
\BOOKMARK [1][-]{section.2.4}{Calculation of the Business Survey Indicator}{chapter.2}% 12
\BOOKMARK [2][-]{subsection.2.4.1}{Unweighted Business Survey Indicator}{section.2.4}% 13
\BOOKMARK [2][-]{subsection.2.4.2}{Weighted Business Survey Indicator}{section.2.4}% 14
\BOOKMARK [2][-]{subsection.2.4.3}{Take Different Questions Into Account}{section.2.4}% 15
\BOOKMARK [0][-]{chapter.3}{The Variance of the Business Survey Indicator}{}% 16
\BOOKMARK [1][-]{section.3.1}{Variance of the Unweighted Business Survey Indicator}{chapter.3}% 17
\BOOKMARK [1][-]{section.3.2}{Variance of the Weighted Business Survey Indicator}{chapter.3}% 18
\BOOKMARK [1][-]{section.3.3}{Properties}{chapter.3}% 19
\BOOKMARK [1][-]{section.3.4}{Take Different Questions Into Account}{chapter.3}% 20
\BOOKMARK [0][-]{chapter.4}{The Evolution of Individual Responses}{}% 21
\BOOKMARK [1][-]{section.4.1}{Indicator of the Unweighted Evolution of Individual Responses}{chapter.4}% 22
\BOOKMARK [1][-]{section.4.2}{Indicator of the Weighted Evolution of Individual Responses}{chapter.4}% 23
\BOOKMARK [1][-]{section.4.3}{Generalisation for Different Period Lags}{chapter.4}% 24
\BOOKMARK [1][-]{section.4.4}{Take Different Questions Into Account}{chapter.4}% 25
\BOOKMARK [0][-]{chapter.5}{The Variance of the Evolution of Individual Responses}{}% 26
\BOOKMARK [1][-]{section.5.1}{Variance of the Unweighted Evolution of Individual Responses}{chapter.5}% 27
\BOOKMARK [1][-]{section.5.2}{Variance of the Weighted Evolution of Individual Responses}{chapter.5}% 28
\BOOKMARK [1][-]{section.5.3}{Properties}{chapter.5}% 29
\BOOKMARK [1][-]{section.5.4}{Take Different Questions Into Account}{chapter.5}% 30
\BOOKMARK [0][-]{chapter.6}{Data at Hand}{}% 31
\BOOKMARK [1][-]{section.6.1}{Unweighted observations}{chapter.6}% 32
\BOOKMARK [1][-]{section.6.2}{Period}{chapter.6}% 33
\BOOKMARK [1][-]{section.6.3}{Indicator and Questions}{chapter.6}% 34
\BOOKMARK [1][-]{section.6.4}{Variables}{chapter.6}% 35
\BOOKMARK [0][-]{chapter.7}{Seasonal Effects, Non-Response, Dropout and Attrition}{}% 36
\BOOKMARK [1][-]{section.7.1}{Seasonal Correction}{chapter.7}% 37
\BOOKMARK [1][-]{section.7.2}{Refusal to Participate}{chapter.7}% 38
\BOOKMARK [1][-]{section.7.3}{Non-response}{chapter.7}% 39
\BOOKMARK [1][-]{section.7.4}{Dropout and Attrition}{chapter.7}% 40
\BOOKMARK [2][-]{subsection.7.4.1}{Dropout}{section.7.4}% 41
\BOOKMARK [2][-]{subsection.7.4.2}{Attrition}{section.7.4}% 42
\BOOKMARK [0][-]{chapter.8}{Exploratory Analysis}{}% 43
\BOOKMARK [1][-]{section.8.1}{Descriptive Statistics}{chapter.8}% 44
\BOOKMARK [1][-]{section.8.2}{Correlation Analysis}{chapter.8}% 45
\BOOKMARK [0][-]{chapter.9}{Predictive Power}{}% 46
\BOOKMARK [1][-]{section.9.1}{Method}{chapter.9}% 47
\BOOKMARK [1][-]{section.9.2}{Linear Models}{chapter.9}% 48
\BOOKMARK [1][-]{section.9.3}{Out-of-Sample Performances}{chapter.9}% 49
\BOOKMARK [0][-]{chapter.10}{Conclusion}{}% 50
\BOOKMARK [0][-]{chapter.11}{Discussion}{}% 51
\BOOKMARK [0][-]{chapter.1}{Appendix}{}% 52
\BOOKMARK [1][-]{section.1.1}{Questions taken into account for the calculation of the industry business survey}{chapter.1}% 53
\BOOKMARK [1][-]{section.1.2}{Further explanations regarding the variance of the BSI, the EIR and its variance}{chapter.1}% 54
